ERROR @ 2012-03-29 22:23:38,499 [main] (LdaOntology.java:100) - database is not in consistency!
ERROR @ 2012-03-29 22:23:38,530 [main] (LdaOntology.java:100) - database is not in consistency!
ERROR @ 2012-03-29 22:40:27,777 [main] (LdaOntology.java:100) - database is not in consistency!
ERROR @ 2012-03-29 22:40:27,777 [main] (LdaOntology.java:100) - database is not in consistency!
ERROR @ 2012-05-10 11:36:59,648 [main] (TkdeLdaOntology.java:89) - database is not in consistency!
ERROR @ 2012-05-26 23:11:28,843 [main] (HAC.java:165) - this is it!
ERROR @ 2012-05-26 23:11:28,847 [main] (HAC.java:165) - this is it!
ERROR @ 2012-05-26 23:11:28,848 [main] (HAC.java:165) - this is it!
ERROR @ 2012-05-26 23:11:28,848 [main] (HAC.java:165) - this is it!
ERROR @ 2012-05-26 23:11:28,849 [main] (HAC.java:165) - this is it!
ERROR @ 2012-05-27 13:01:00,931 [main] (HAC.java:217) - Unexpected : no medoid for this cluster!
ERROR @ 2012-06-19 13:32:42,348 [main] (Evaluator.java:346) - !!
ERROR @ 2012-06-19 13:32:43,418 [main] (Evaluator.java:346) - !!
ERROR @ 2012-06-19 13:32:43,484 [main] (Evaluator.java:346) - !!
ERROR @ 2012-06-19 13:32:47,029 [main] (Evaluator.java:346) - !!
ERROR @ 2012-06-19 13:32:48,389 [main] (Evaluator.java:346) - !!
ERROR @ 2012-06-19 13:32:49,145 [main] (Evaluator.java:346) - !!
ERROR @ 2012-06-19 13:32:49,207 [main] (Evaluator.java:346) - !!
ERROR @ 2012-06-19 13:32:49,292 [main] (Evaluator.java:346) - !!
ERROR @ 2012-06-19 13:32:49,808 [main] (Evaluator.java:346) - !!
ERROR @ 2012-06-19 13:32:49,896 [main] (Evaluator.java:346) - !!
ERROR @ 2012-06-19 13:32:50,204 [main] (Evaluator.java:346) - !!
ERROR @ 2012-06-19 13:32:50,332 [main] (Evaluator.java:346) - !!
ERROR @ 2012-06-19 13:32:50,660 [main] (Evaluator.java:346) - !!
ERROR @ 2012-06-19 13:32:51,080 [main] (Evaluator.java:346) - !!
ERROR @ 2012-06-19 13:32:51,225 [main] (Evaluator.java:346) - !!
ERROR @ 2012-06-19 13:35:03,644 [main] (Evaluator.java:346) - INCORRECT DMOZ nameAction_Script_Files
ERROR @ 2012-06-19 13:35:04,608 [main] (Evaluator.java:346) - INCORRECT DMOZ nameC-sharp
ERROR @ 2012-06-19 13:35:04,655 [main] (Evaluator.java:346) - INCORRECT DMOZ nameC++
ERROR @ 2012-06-19 13:35:07,802 [main] (Evaluator.java:346) - INCORRECT DMOZ nameGames
ERROR @ 2012-06-19 13:35:08,879 [main] (Evaluator.java:346) - INCORRECT DMOZ nameJavaScript
ERROR @ 2012-06-19 13:35:09,551 [main] (Evaluator.java:346) - INCORRECT DMOZ nameMacintosh
ERROR @ 2012-06-19 13:35:09,611 [main] (Evaluator.java:346) - INCORRECT DMOZ nameManagement
ERROR @ 2012-06-19 13:35:09,694 [main] (Evaluator.java:346) - INCORRECT DMOZ nameMathematics
ERROR @ 2012-06-19 13:35:10,151 [main] (Evaluator.java:346) - INCORRECT DMOZ nameNetwork
ERROR @ 2012-06-19 13:35:10,233 [main] (Evaluator.java:346) - INCORRECT DMOZ nameObject-Oriented
ERROR @ 2012-06-19 13:35:10,538 [main] (Evaluator.java:346) - INCORRECT DMOZ namePHP
ERROR @ 2012-06-19 13:35:10,679 [main] (Evaluator.java:346) - INCORRECT DMOZ namePlugins
ERROR @ 2012-06-19 13:35:11,007 [main] (Evaluator.java:346) - INCORRECT DMOZ nameQt
ERROR @ 2012-06-19 13:35:11,381 [main] (Evaluator.java:346) - INCORRECT DMOZ nameSubversion
ERROR @ 2012-06-19 13:35:11,524 [main] (Evaluator.java:346) - INCORRECT DMOZ nameTools
ERROR @ 2012-06-19 13:35:46,789 [main] (Evaluator.java:346) - INCORRECT DMOZ nameAction_Script_Files
ERROR @ 2012-06-19 15:31:27,645 [main] (TaxoDmozEvaluator.java:115) - INCORRECT tag Action_Script_Files
